<?xml version="1.0" encoding="UTF-8"?>
<!-- Generated by org.testng.reporters.JUnitReportReporter -->
<testsuite hostname="DESKTOP-URO4KG6" failures="0" tests="2" name="practice1testng.c" time="0.022" errors="0" timestamp="2023-03-01T19:54:14 IST" skipped="0">
  <testcase classname="practice1testng.c" name="m3" time="0.005"/>
  <system-out/>
  <testcase classname="practice1testng.c" name="m2" time="0.017"/>
  <system-out/>
</testsuite> <!-- practice1testng.c -->
