<?xml version="1.0" encoding="UTF-8"?>
<!-- Generated by org.testng.reporters.JUnitReportReporter -->
<testsuite hostname="DESKTOP-URO4KG6" failures="0" tests="1" name="practice1testng.Practicetest" time="0.009" errors="0" timestamp="2023-03-01T19:54:14 IST" skipped="0">
  <testcase classname="practice1testng.Practicetest" name="run" time="0.009"/>
  <system-out/>
</testsuite> <!-- practice1testng.Practicetest -->
